{"C:\\Users\\n.nelson\\Documents\\Humble-SuperHero-API\\backend\\src\\controllers\\superhero.controller.js": {"path":"C:\\Users\\n.nelson\\Documents\\Humble-SuperHero-API\\backend\\src\\controllers\\superhero.controller.js","statementMap":{"0":{"start":{"line":3,"column":28},"end":{"line":7,"column":1}},"1":{"start":{"line":4,"column":48},"end":{"line":4,"column":56}},"2":{"start":{"line":5,"column":22},"end":{"line":5,"column":84}},"3":{"start":{"line":6,"column":4},"end":{"line":6,"column":69}},"4":{"start":{"line":9,"column":30},"end":{"line":12,"column":1}},"5":{"start":{"line":10,"column":25},"end":{"line":10,"column":58}},"6":{"start":{"line":11,"column":4},"end":{"line":11,"column":39}}},"fnMap":{"0":{"name":"(anonymous_0)","decl":{"start":{"line":3,"column":28},"end":{"line":3,"column":29}},"loc":{"start":{"line":3,"column":42},"end":{"line":7,"column":1}},"line":3},"1":{"name":"(anonymous_1)","decl":{"start":{"line":9,"column":30},"end":{"line":9,"column":31}},"loc":{"start":{"line":9,"column":44},"end":{"line":12,"column":1}},"line":9}},"branchMap":{},"s":{"0":1,"1":1,"2":1,"3":1,"4":1,"5":0,"6":0},"f":{"0":1,"1":0},"b":{},"inputSourceMap":null,"_coverageSchema":"1a1c01bbd47fc00a2c39e90264f33305004495a9","hash":"f4689b4ee2ff0e70592d0f8b563d7abba8628136"}
,"C:\\Users\\n.nelson\\Documents\\Humble-SuperHero-API\\backend\\src\\middlewares\\validation.middleware.js": {"path":"C:\\Users\\n.nelson\\Documents\\Humble-SuperHero-API\\backend\\src\\middlewares\\validation.middleware.js","statementMap":{"0":{"start":{"line":3,"column":33},"end":{"line":16,"column":1}},"1":{"start":{"line":10,"column":23},"end":{"line":10,"column":44}},"2":{"start":{"line":11,"column":8},"end":{"line":13,"column":9}},"3":{"start":{"line":12,"column":12},"end":{"line":12,"column":68}},"4":{"start":{"line":14,"column":8},"end":{"line":14,"column":15}}},"fnMap":{"0":{"name":"(anonymous_0)","decl":{"start":{"line":9,"column":4},"end":{"line":9,"column":5}},"loc":{"start":{"line":9,"column":24},"end":{"line":15,"column":5}},"line":9}},"branchMap":{"0":{"loc":{"start":{"line":11,"column":8},"end":{"line":13,"column":9}},"type":"if","locations":[{"start":{"line":11,"column":8},"end":{"line":13,"column":9}},{"start":{},"end":{}}],"line":11}},"s":{"0":1,"1":1,"2":1,"3":0,"4":1},"f":{"0":1},"b":{"0":[0,1]},"inputSourceMap":null,"_coverageSchema":"1a1c01bbd47fc00a2c39e90264f33305004495a9","hash":"d23e2703da551f5c675d122360185c8b086229b6"}
,"C:\\Users\\n.nelson\\Documents\\Humble-SuperHero-API\\backend\\src\\routes\\superhero.routes.js": {"path":"C:\\Users\\n.nelson\\Documents\\Humble-SuperHero-API\\backend\\src\\routes\\superhero.routes.js","statementMap":{"0":{"start":{"line":5,"column":15},"end":{"line":5,"column":31}},"1":{"start":{"line":7,"column":0},"end":{"line":7,"column":50}},"2":{"start":{"line":8,"column":0},"end":{"line":8,"column":32}}},"fnMap":{},"branchMap":{},"s":{"0":1,"1":1,"2":1},"f":{},"b":{},"inputSourceMap":null,"_coverageSchema":"1a1c01bbd47fc00a2c39e90264f33305004495a9","hash":"5ad7997eda9fc9f967421b8e8821e8476327f570"}
,"C:\\Users\\n.nelson\\Documents\\Humble-SuperHero-API\\backend\\src\\services\\superhero.service.js": {"path":"C:\\Users\\n.nelson\\Documents\\Humble-SuperHero-API\\backend\\src\\services\\superhero.service.js","statementMap":{"0":{"start":{"line":3,"column":8},"end":{"line":3,"column":30}},"1":{"start":{"line":7,"column":26},"end":{"line":7,"column":61}},"2":{"start":{"line":8,"column":8},"end":{"line":8,"column":41}},"3":{"start":{"line":9,"column":8},"end":{"line":9,"column":25}},"4":{"start":{"line":13,"column":8},"end":{"line":13,"column":82}},"5":{"start":{"line":13,"column":47},"end":{"line":13,"column":80}},"6":{"start":{"line":17,"column":32},"end":{"line":17,"column":54}}},"fnMap":{"0":{"name":"(anonymous_0)","decl":{"start":{"line":2,"column":4},"end":{"line":2,"column":5}},"loc":{"start":{"line":2,"column":18},"end":{"line":4,"column":5}},"line":2},"1":{"name":"(anonymous_1)","decl":{"start":{"line":6,"column":4},"end":{"line":6,"column":5}},"loc":{"start":{"line":6,"column":50},"end":{"line":10,"column":5}},"line":6},"2":{"name":"(anonymous_2)","decl":{"start":{"line":12,"column":4},"end":{"line":12,"column":5}},"loc":{"start":{"line":12,"column":21},"end":{"line":14,"column":5}},"line":12},"3":{"name":"(anonymous_3)","decl":{"start":{"line":13,"column":37},"end":{"line":13,"column":38}},"loc":{"start":{"line":13,"column":47},"end":{"line":13,"column":80}},"line":13}},"branchMap":{},"s":{"0":1,"1":1,"2":1,"3":1,"4":0,"5":0,"6":1},"f":{"0":1,"1":1,"2":0,"3":0},"b":{},"inputSourceMap":null,"_coverageSchema":"1a1c01bbd47fc00a2c39e90264f33305004495a9","hash":"21d671ed0ad5e2b4e1fb6b5aff4d3f5ec9c7bdcb"}
}
